<?xml version="1.0" encoding="UTF-8"?>
<!-- Generated by org.testng.reporters.JUnitXMLReporter -->
<testsuite ignored="3" hostname="AdnanAashiq" failures="0" tests="2" name="Default test" time="18.202" errors="0" timestamp="2022-12-15T14:19:00 PKT">
  <testcase classname="TestSuite.FillFormTestCases" name="FillForm" time="1.343"/>
  <testcase classname="TestSuite.FillFormTestCases" name="FillForm" time="1.132"/>
  <testcase classname="Resources.ExtentReporterNG" name="@BeforeSuite beforeSuiteSetup" time="0.0">
    <ignored/>
  </testcase> <!-- @BeforeSuite beforeSuiteSetup -->
  <testcase classname="Resources.ExtentReporterNG" name="@BeforeSuite beforeSuiteSetup" time="0.0">
    <ignored/>
  </testcase> <!-- @BeforeSuite beforeSuiteSetup -->
  <testcase classname="Resources.ExtentReporterNG" name="@BeforeSuite beforeSuiteSetup" time="0.0">
    <ignored/>
  </testcase> <!-- @BeforeSuite beforeSuiteSetup -->
</testsuite> <!-- Default test -->
