<?xml version="1.0" encoding="UTF-8"?>
<testng-results ignored="3" total="5" passed="2" failed="0" skipped="0">
  <reporter-output>
  </reporter-output>
  <suite started-at="2022-12-15T14:18:42 PKT" name="Default suite" finished-at="2022-12-15T14:19:00 PKT" duration-ms="18202">
    <groups>
    </groups>
    <test started-at="2022-12-15T14:18:42 PKT" name="Default test" finished-at="2022-12-15T14:19:00 PKT" duration-ms="18202">
      <class name="TestSuite.Base">
        <test-method is-config="true" signature="beforeSuiteSetup()[pri:0, instance:TestSuite.Base@3b35a229]" started-at="2022-12-15T14:18:42 PKT" name="beforeSuiteSetup" finished-at="2022-12-15T14:18:42 PKT" duration-ms="169" status="PASS">
          <reporter-output>
          </reporter-output>
        </test-method> <!-- beforeSuiteSetup -->
      </class> <!-- TestSuite.Base -->
      <class name="TestSuite.FillFormTestCases">
        <test-method is-config="true" signature="SetCapabilities()[pri:0, instance:TestSuite.FillFormTestCases@15d49048]" started-at="2022-12-15T14:18:42 PKT" name="SetCapabilities" finished-at="2022-12-15T14:18:45 PKT" duration-ms="2995" status="PASS">
          <reporter-output>
          </reporter-output>
        </test-method> <!-- SetCapabilities -->
        <test-method is-config="true" signature="VisitWebsite()[pri:0, instance:TestSuite.FillFormTestCases@15d49048]" started-at="2022-12-15T14:18:45 PKT" name="VisitWebsite" finished-at="2022-12-15T14:18:51 PKT" duration-ms="5703" status="PASS">
          <reporter-output>
          </reporter-output>
        </test-method> <!-- VisitWebsite -->
        <test-method signature="FillForm(org.json.simple.JSONObject)[pri:0, instance:TestSuite.FillFormTestCases@15d49048]" started-at="2022-12-15T14:18:51 PKT" name="FillForm" data-provider="FormData" finished-at="2022-12-15T14:18:52 PKT" duration-ms="1343" status="PASS">
          <params>
            <param index="0">
              <value>
                <![CDATA[{"CurrentAddress":"House no 3 Street no 567 Lahore","Email":"adnan@gmail.com","PermamnentAddress":"House no 1 Street no 89 Multan","FullName":"Adnan Aashiq"}]]>
              </value>
            </param>
          </params>
          <reporter-output>
          </reporter-output>
        </test-method> <!-- FillForm -->
        <test-method is-config="true" signature="afterSuite()[pri:0, instance:TestSuite.FillFormTestCases@15d49048]" started-at="2022-12-15T14:18:52 PKT" name="afterSuite" finished-at="2022-12-15T14:18:53 PKT" duration-ms="755" status="PASS">
          <reporter-output>
          </reporter-output>
        </test-method> <!-- afterSuite -->
        <test-method is-config="true" signature="SetCapabilities()[pri:0, instance:TestSuite.FillFormTestCases@15d49048]" started-at="2022-12-15T14:18:53 PKT" name="SetCapabilities" finished-at="2022-12-15T14:18:54 PKT" duration-ms="1091" status="PASS">
          <reporter-output>
          </reporter-output>
        </test-method> <!-- SetCapabilities -->
        <test-method is-config="true" signature="VisitWebsite()[pri:0, instance:TestSuite.FillFormTestCases@15d49048]" started-at="2022-12-15T14:18:54 PKT" name="VisitWebsite" finished-at="2022-12-15T14:18:59 PKT" duration-ms="5090" status="PASS">
          <reporter-output>
          </reporter-output>
        </test-method> <!-- VisitWebsite -->
        <test-method signature="FillForm(org.json.simple.JSONObject)[pri:0, instance:TestSuite.FillFormTestCases@15d49048]" started-at="2022-12-15T14:18:59 PKT" name="FillForm" data-provider="FormData" finished-at="2022-12-15T14:19:00 PKT" duration-ms="1132" status="PASS">
          <params>
            <param index="0">
              <value>
                <![CDATA[{"CurrentAddress":"House no 5 Street no 896 Lahore","Email":"bilal@gmail.com","PermamnentAddress":"House no 7 Street no 85 Multan","FullName":"Bilal Ahmad"}]]>
              </value>
            </param>
          </params>
          <reporter-output>
          </reporter-output>
        </test-method> <!-- FillForm -->
        <test-method is-config="true" signature="afterSuite()[pri:0, instance:TestSuite.FillFormTestCases@15d49048]" started-at="2022-12-15T14:19:00 PKT" name="afterSuite" finished-at="2022-12-15T14:19:00 PKT" duration-ms="48" status="PASS">
          <reporter-output>
          </reporter-output>
        </test-method> <!-- afterSuite -->
      </class> <!-- TestSuite.FillFormTestCases -->
    </test> <!-- Default test -->
  </suite> <!-- Default suite -->
</testng-results>
